<?xml version="1.0" encoding="UTF-8"?>
<testsuite xmlns:xsi="http://www.w3.org/2001/XMLSchema-instance" xsi:noNamespaceSchemaLocation="https://maven.apache.org/surefire/maven-surefire-plugin/xsd/surefire-test-report.xsd" name="com.ldh.product.service.impl.PorductInfoServiceServiceimplTest" time="6.847" tests="3" errors="0" skipped="0" failures="0">
  <properties>
    <property name="sun.desktop" value="windows"/>
    <property name="awt.toolkit" value="sun.awt.windows.WToolkit"/>
    <property name="file.encoding.pkg" value="sun.io"/>
    <property name="java.specification.version" value="1.8"/>
    <property name="sun.cpu.isalist" value="amd64"/>
    <property name="sun.jnu.encoding" value="GBK"/>
    <property name="java.class.path" value="E:\javaProject\5Cloud\spring-cloud-orderAll\product\product-server\target\test-classes;E:\javaProject\5Cloud\spring-cloud-orderAll\product\product-server\target\classes;E:\javaProject\vsCode\Repository\org\springframework\boot\spring-boot-starter-data-jpa\2.3.3.RELEASE\spring-boot-starter-data-jpa-2.3.3.RELEASE.jar;E:\javaProject\vsCode\Repository\org\springframework\boot\spring-boot-starter-aop\2.3.3.RELEASE\spring-boot-starter-aop-2.3.3.RELEASE.jar;E:\javaProject\vsCode\Repository\org\springframework\spring-aop\5.2.8.RELEASE\spring-aop-5.2.8.RELEASE.jar;E:\javaProject\vsCode\Repository\org\aspectj\aspectjweaver\1.9.6\aspectjweaver-1.9.6.jar;E:\javaProject\vsCode\Repository\org\springframework\boot\spring-boot-starter-jdbc\2.3.3.RELEASE\spring-boot-starter-jdbc-2.3.3.RELEASE.jar;E:\javaProject\vsCode\Repository\com\zaxxer\HikariCP\3.4.5\HikariCP-3.4.5.jar;E:\javaProject\vsCode\Repository\org\springframework\spring-jdbc\5.2.8.RELEASE\spring-jdbc-5.2.8.RELEASE.jar;E:\javaProject\vsCode\Repository\jakarta\transaction\jakarta.transaction-api\1.3.3\jakarta.transaction-api-1.3.3.jar;E:\javaProject\vsCode\Repository\jakarta\persistence\jakarta.persistence-api\2.2.3\jakarta.persistence-api-2.2.3.jar;E:\javaProject\vsCode\Repository\org\hibernate\hibernate-core\5.4.20.Final\hibernate-core-5.4.20.Final.jar;E:\javaProject\vsCode\Repository\org\jboss\logging\jboss-logging\3.4.1.Final\jboss-logging-3.4.1.Final.jar;E:\javaProject\vsCode\Repository\org\javassist\javassist\3.24.0-GA\javassist-3.24.0-GA.jar;E:\javaProject\vsCode\Repository\net\bytebuddy\byte-buddy\1.10.14\byte-buddy-1.10.14.jar;E:\javaProject\vsCode\Repository\antlr\antlr\2.7.7\antlr-2.7.7.jar;E:\javaProject\vsCode\Repository\org\jboss\jandex\2.1.3.Final\jandex-2.1.3.Final.jar;E:\javaProject\vsCode\Repository\com\fasterxml\classmate\1.5.1\classmate-1.5.1.jar;E:\javaProject\vsCode\Repository\org\dom4j\dom4j\2.1.3\dom4j-2.1.3.jar;E:\javaProject\vsCode\Repository\org\hibernate\common\hibernate-commons-annotations\5.1.0.Final\hibernate-commons-annotations-5.1.0.Final.jar;E:\javaProject\vsCode\Repository\org\glassfish\jaxb\jaxb-runtime\2.3.3\jaxb-runtime-2.3.3.jar;E:\javaProject\vsCode\Repository\org\glassfish\jaxb\txw2\2.3.3\txw2-2.3.3.jar;E:\javaProject\vsCode\Repository\com\sun\istack\istack-commons-runtime\3.0.11\istack-commons-runtime-3.0.11.jar;E:\javaProject\vsCode\Repository\com\sun\activation\jakarta.activation\1.2.2\jakarta.activation-1.2.2.jar;E:\javaProject\vsCode\Repository\org\springframework\data\spring-data-jpa\2.3.3.RELEASE\spring-data-jpa-2.3.3.RELEASE.jar;E:\javaProject\vsCode\Repository\org\springframework\data\spring-data-commons\2.3.3.RELEASE\spring-data-commons-2.3.3.RELEASE.jar;E:\javaProject\vsCode\Repository\org\springframework\spring-orm\5.2.8.RELEASE\spring-orm-5.2.8.RELEASE.jar;E:\javaProject\vsCode\Repository\org\springframework\spring-context\5.2.8.RELEASE\spring-context-5.2.8.RELEASE.jar;E:\javaProject\vsCode\Repository\org\springframework\spring-tx\5.2.8.RELEASE\spring-tx-5.2.8.RELEASE.jar;E:\javaProject\vsCode\Repository\org\springframework\spring-beans\5.2.8.RELEASE\spring-beans-5.2.8.RELEASE.jar;E:\javaProject\vsCode\Repository\org\slf4j\slf4j-api\1.7.30\slf4j-api-1.7.30.jar;E:\javaProject\vsCode\Repository\org\springframework\spring-aspects\5.2.8.RELEASE\spring-aspects-5.2.8.RELEASE.jar;E:\javaProject\vsCode\Repository\org\springframework\cloud\spring-cloud-starter-netflix-eureka-client\2.2.4.RELEASE\spring-cloud-starter-netflix-eureka-client-2.2.4.RELEASE.jar;E:\javaProject\vsCode\Repository\org\springframework\cloud\spring-cloud-starter\2.2.4.RELEASE\spring-cloud-starter-2.2.4.RELEASE.jar;E:\javaProject\vsCode\Repository\org\springframework\cloud\spring-cloud-context\2.2.4.RELEASE\spring-cloud-context-2.2.4.RELEASE.jar;E:\javaProject\vsCode\Repository\org\springframework\security\spring-security-crypto\5.3.4.RELEASE\spring-security-crypto-5.3.4.RELEASE.jar;E:\javaProject\vsCode\Repository\org\springframework\cloud\spring-cloud-commons\2.2.4.RELEASE\spring-cloud-commons-2.2.4.RELEASE.jar;E:\javaProject\vsCode\Repository\org\springframework\security\spring-security-rsa\1.0.9.RELEASE\spring-security-rsa-1.0.9.RELEASE.jar;E:\javaProject\vsCode\Repository\org\bouncycastle\bcpkix-jdk15on\1.64\bcpkix-jdk15on-1.64.jar;E:\javaProject\vsCode\Repository\org\bouncycastle\bcprov-jdk15on\1.64\bcprov-jdk15on-1.64.jar;E:\javaProject\vsCode\Repository\org\springframework\cloud\spring-cloud-netflix-hystrix\2.2.4.RELEASE\spring-cloud-netflix-hystrix-2.2.4.RELEASE.jar;E:\javaProject\vsCode\Repository\org\springframework\cloud\spring-cloud-netflix-eureka-client\2.2.4.RELEASE\spring-cloud-netflix-eureka-client-2.2.4.RELEASE.jar;E:\javaProject\vsCode\Repository\com\netflix\eureka\eureka-client\1.9.25\eureka-client-1.9.25.jar;E:\javaProject\vsCode\Repository\org\codehaus\jettison\jettison\1.3.7\jettison-1.3.7.jar;E:\javaProject\vsCode\Repository\stax\stax-api\1.0.1\stax-api-1.0.1.jar;E:\javaProject\vsCode\Repository\com\netflix\netflix-commons\netflix-eventbus\0.3.0\netflix-eventbus-0.3.0.jar;E:\javaProject\vsCode\Repository\com\netflix\netflix-commons\netflix-infix\0.3.0\netflix-infix-0.3.0.jar;E:\javaProject\vsCode\Repository\commons-jxpath\commons-jxpath\1.3\commons-jxpath-1.3.jar;E:\javaProject\vsCode\Repository\joda-time\joda-time\2.3\joda-time-2.3.jar;E:\javaProject\vsCode\Repository\org\antlr\antlr-runtime\3.4\antlr-runtime-3.4.jar;E:\javaProject\vsCode\Repository\org\antlr\stringtemplate\3.2.1\stringtemplate-3.2.1.jar;E:\javaProject\vsCode\Repository\com\google\code\gson\gson\2.8.6\gson-2.8.6.jar;E:\javaProject\vsCode\Repository\org\apache\commons\commons-math\2.2\commons-math-2.2.jar;E:\javaProject\vsCode\Repository\com\netflix\archaius\archaius-core\0.7.6\archaius-core-0.7.6.jar;E:\javaProject\vsCode\Repository\com\google\guava\guava\29.0-jre\guava-29.0-jre.jar;E:\javaProject\vsCode\Repository\com\google\guava\failureaccess\1.0.1\failureaccess-1.0.1.jar;E:\javaProject\vsCode\Repository\com\google\guava\listenablefuture\9999.0-empty-to-avoid-conflict-with-guava\listenablefuture-9999.0-empty-to-avoid-conflict-with-guava.jar;E:\javaProject\vsCode\Repository\org\checkerframework\checker-qual\2.11.1\checker-qual-2.11.1.jar;E:\javaProject\vsCode\Repository\com\google\errorprone\error_prone_annotations\2.3.4\error_prone_annotations-2.3.4.jar;E:\javaProject\vsCode\Repository\com\google\j2objc\j2objc-annotations\1.3\j2objc-annotations-1.3.jar;E:\javaProject\vsCode\Repository\javax\ws\rs\jsr311-api\1.1.1\jsr311-api-1.1.1.jar;E:\javaProject\vsCode\Repository\com\netflix\servo\servo-core\0.12.21\servo-core-0.12.21.jar;E:\javaProject\vsCode\Repository\com\sun\jersey\jersey-core\1.19.1\jersey-core-1.19.1.jar;E:\javaProject\vsCode\Repository\com\sun\jersey\jersey-client\1.19.1\jersey-client-1.19.1.jar;E:\javaProject\vsCode\Repository\com\sun\jersey\contribs\jersey-apache-client4\1.19.1\jersey-apache-client4-1.19.1.jar;E:\javaProject\vsCode\Repository\org\apache\httpcomponents\httpclient\4.5.12\httpclient-4.5.12.jar;E:\javaProject\vsCode\Repository\org\apache\httpcomponents\httpcore\4.4.13\httpcore-4.4.13.jar;E:\javaProject\vsCode\Repository\commons-codec\commons-codec\1.14\commons-codec-1.14.jar;E:\javaProject\vsCode\Repository\commons-configuration\commons-configuration\1.10\commons-configuration-1.10.jar;E:\javaProject\vsCode\Repository\commons-lang\commons-lang\2.6\commons-lang-2.6.jar;E:\javaProject\vsCode\Repository\com\google\inject\guice\4.1.0\guice-4.1.0.jar;E:\javaProject\vsCode\Repository\javax\inject\javax.inject\1\javax.inject-1.jar;E:\javaProject\vsCode\Repository\aopalliance\aopalliance\1.0\aopalliance-1.0.jar;E:\javaProject\vsCode\Repository\com\fasterxml\jackson\core\jackson-annotations\2.11.2\jackson-annotations-2.11.2.jar;E:\javaProject\vsCode\Repository\com\fasterxml\jackson\core\jackson-core\2.11.2\jackson-core-2.11.2.jar;E:\javaProject\vsCode\Repository\com\fasterxml\jackson\core\jackson-databind\2.11.2\jackson-databind-2.11.2.jar;E:\javaProject\vsCode\Repository\com\netflix\eureka\eureka-core\1.9.25\eureka-core-1.9.25.jar;E:\javaProject\vsCode\Repository\com\fasterxml\woodstox\woodstox-core\5.3.0\woodstox-core-5.3.0.jar;E:\javaProject\vsCode\Repository\org\codehaus\woodstox\stax2-api\4.2\stax2-api-4.2.jar;E:\javaProject\vsCode\Repository\org\springframework\cloud\spring-cloud-starter-netflix-archaius\2.2.4.RELEASE\spring-cloud-starter-netflix-archaius-2.2.4.RELEASE.jar;E:\javaProject\vsCode\Repository\org\springframework\cloud\spring-cloud-netflix-ribbon\2.2.4.RELEASE\spring-cloud-netflix-ribbon-2.2.4.RELEASE.jar;E:\javaProject\vsCode\Repository\org\springframework\cloud\spring-cloud-netflix-archaius\2.2.4.RELEASE\spring-cloud-netflix-archaius-2.2.4.RELEASE.jar;E:\javaProject\vsCode\Repository\org\springframework\cloud\spring-cloud-starter-netflix-ribbon\2.2.4.RELEASE\spring-cloud-starter-netflix-ribbon-2.2.4.RELEASE.jar;E:\javaProject\vsCode\Repository\com\netflix\ribbon\ribbon\2.3.0\ribbon-2.3.0.jar;E:\javaProject\vsCode\Repository\com\netflix\ribbon\ribbon-transport\2.3.0\ribbon-transport-2.3.0.jar;E:\javaProject\vsCode\Repository\io\reactivex\rxnetty-contexts\0.4.9\rxnetty-contexts-0.4.9.jar;E:\javaProject\vsCode\Repository\io\reactivex\rxnetty-servo\0.4.9\rxnetty-servo-0.4.9.jar;E:\javaProject\vsCode\Repository\com\netflix\hystrix\hystrix-core\1.5.18\hystrix-core-1.5.18.jar;E:\javaProject\vsCode\Repository\org\hdrhistogram\HdrHistogram\2.1.9\HdrHistogram-2.1.9.jar;E:\javaProject\vsCode\Repository\io\reactivex\rxnetty\0.4.9\rxnetty-0.4.9.jar;E:\javaProject\vsCode\Repository\com\netflix\ribbon\ribbon-core\2.3.0\ribbon-core-2.3.0.jar;E:\javaProject\vsCode\Repository\com\netflix\ribbon\ribbon-httpclient\2.3.0\ribbon-httpclient-2.3.0.jar;E:\javaProject\vsCode\Repository\commons-collections\commons-collections\3.2.2\commons-collections-3.2.2.jar;E:\javaProject\vsCode\Repository\com\netflix\netflix-commons\netflix-commons-util\0.3.0\netflix-commons-util-0.3.0.jar;E:\javaProject\vsCode\Repository\com\netflix\ribbon\ribbon-loadbalancer\2.3.0\ribbon-loadbalancer-2.3.0.jar;E:\javaProject\vsCode\Repository\com\netflix\netflix-commons\netflix-statistics\0.1.1\netflix-statistics-0.1.1.jar;E:\javaProject\vsCode\Repository\io\reactivex\rxjava\1.3.8\rxjava-1.3.8.jar;E:\javaProject\vsCode\Repository\org\springframework\cloud\spring-cloud-starter-loadbalancer\2.2.4.RELEASE\spring-cloud-starter-loadbalancer-2.2.4.RELEASE.jar;E:\javaProject\vsCode\Repository\org\springframework\cloud\spring-cloud-loadbalancer\2.2.4.RELEASE\spring-cloud-loadbalancer-2.2.4.RELEASE.jar;E:\javaProject\vsCode\Repository\org\springframework\boot\spring-boot-starter-validation\2.3.3.RELEASE\spring-boot-starter-validation-2.3.3.RELEASE.jar;E:\javaProject\vsCode\Repository\org\hibernate\validator\hibernate-validator\6.1.5.Final\hibernate-validator-6.1.5.Final.jar;E:\javaProject\vsCode\Repository\jakarta\validation\jakarta.validation-api\2.0.2\jakarta.validation-api-2.0.2.jar;E:\javaProject\vsCode\Repository\io\projectreactor\reactor-core\3.3.9.RELEASE\reactor-core-3.3.9.RELEASE.jar;E:\javaProject\vsCode\Repository\org\reactivestreams\reactive-streams\1.0.3\reactive-streams-1.0.3.jar;E:\javaProject\vsCode\Repository\io\projectreactor\addons\reactor-extra\3.3.3.RELEASE\reactor-extra-3.3.3.RELEASE.jar;E:\javaProject\vsCode\Repository\org\springframework\boot\spring-boot-starter-cache\2.3.3.RELEASE\spring-boot-starter-cache-2.3.3.RELEASE.jar;E:\javaProject\vsCode\Repository\org\springframework\spring-context-support\5.2.8.RELEASE\spring-context-support-5.2.8.RELEASE.jar;E:\javaProject\vsCode\Repository\com\stoyanr\evictor\1.0.0\evictor-1.0.0.jar;E:\javaProject\vsCode\Repository\com\netflix\ribbon\ribbon-eureka\2.3.0\ribbon-eureka-2.3.0.jar;E:\javaProject\vsCode\Repository\com\thoughtworks\xstream\xstream\1.4.11.1\xstream-1.4.11.1.jar;E:\javaProject\vsCode\Repository\xmlpull\xmlpull\1.1.3.1\xmlpull-1.1.3.1.jar;E:\javaProject\vsCode\Repository\xpp3\xpp3_min\1.1.4c\xpp3_min-1.1.4c.jar;E:\javaProject\vsCode\Repository\org\springframework\boot\spring-boot-devtools\2.3.3.RELEASE\spring-boot-devtools-2.3.3.RELEASE.jar;E:\javaProject\vsCode\Repository\org\springframework\boot\spring-boot\2.3.3.RELEASE\spring-boot-2.3.3.RELEASE.jar;E:\javaProject\vsCode\Repository\org\springframework\boot\spring-boot-autoconfigure\2.3.3.RELEASE\spring-boot-autoconfigure-2.3.3.RELEASE.jar;E:\javaProject\vsCode\Repository\mysql\mysql-connector-java\8.0.21\mysql-connector-java-8.0.21.jar;E:\javaProject\vsCode\Repository\org\projectlombok\lombok\1.18.12\lombok-1.18.12.jar;E:\javaProject\vsCode\Repository\org\springframework\boot\spring-boot-starter-web\2.3.3.RELEASE\spring-boot-starter-web-2.3.3.RELEASE.jar;E:\javaProject\vsCode\Repository\org\springframework\boot\spring-boot-starter\2.3.3.RELEASE\spring-boot-starter-2.3.3.RELEASE.jar;E:\javaProject\vsCode\Repository\org\springframework\boot\spring-boot-starter-logging\2.3.3.RELEASE\spring-boot-starter-logging-2.3.3.RELEASE.jar;E:\javaProject\vsCode\Repository\ch\qos\logback\logback-classic\1.2.3\logback-classic-1.2.3.jar;E:\javaProject\vsCode\Repository\ch\qos\logback\logback-core\1.2.3\logback-core-1.2.3.jar;E:\javaProject\vsCode\Repository\org\apache\logging\log4j\log4j-to-slf4j\2.13.3\log4j-to-slf4j-2.13.3.jar;E:\javaProject\vsCode\Repository\org\apache\logging\log4j\log4j-api\2.13.3\log4j-api-2.13.3.jar;E:\javaProject\vsCode\Repository\org\slf4j\jul-to-slf4j\1.7.30\jul-to-slf4j-1.7.30.jar;E:\javaProject\vsCode\Repository\jakarta\annotation\jakarta.annotation-api\1.3.5\jakarta.annotation-api-1.3.5.jar;E:\javaProject\vsCode\Repository\org\yaml\snakeyaml\1.26\snakeyaml-1.26.jar;E:\javaProject\vsCode\Repository\org\springframework\boot\spring-boot-starter-json\2.3.3.RELEASE\spring-boot-starter-json-2.3.3.RELEASE.jar;E:\javaProject\vsCode\Repository\com\fasterxml\jackson\datatype\jackson-datatype-jdk8\2.11.2\jackson-datatype-jdk8-2.11.2.jar;E:\javaProject\vsCode\Repository\com\fasterxml\jackson\datatype\jackson-datatype-jsr310\2.11.2\jackson-datatype-jsr310-2.11.2.jar;E:\javaProject\vsCode\Repository\com\fasterxml\jackson\module\jackson-module-parameter-names\2.11.2\jackson-module-parameter-names-2.11.2.jar;E:\javaProject\vsCode\Repository\org\springframework\boot\spring-boot-starter-tomcat\2.3.3.RELEASE\spring-boot-starter-tomcat-2.3.3.RELEASE.jar;E:\javaProject\vsCode\Repository\org\apache\tomcat\embed\tomcat-embed-core\9.0.37\tomcat-embed-core-9.0.37.jar;E:\javaProject\vsCode\Repository\org\glassfish\jakarta.el\3.0.3\jakarta.el-3.0.3.jar;E:\javaProject\vsCode\Repository\org\apache\tomcat\embed\tomcat-embed-websocket\9.0.37\tomcat-embed-websocket-9.0.37.jar;E:\javaProject\vsCode\Repository\org\springframework\spring-web\5.2.8.RELEASE\spring-web-5.2.8.RELEASE.jar;E:\javaProject\vsCode\Repository\org\springframework\spring-webmvc\5.2.8.RELEASE\spring-webmvc-5.2.8.RELEASE.jar;E:\javaProject\vsCode\Repository\org\springframework\spring-expression\5.2.8.RELEASE\spring-expression-5.2.8.RELEASE.jar;E:\javaProject\5Cloud\spring-cloud-orderAll\product\product-common\target\product-common-0.0.1-SNAPSHOT.jar;E:\javaProject\vsCode\Repository\org\springframework\boot\spring-boot-starter-test\2.3.3.RELEASE\spring-boot-starter-test-2.3.3.RELEASE.jar;E:\javaProject\vsCode\Repository\org\springframework\boot\spring-boot-test\2.3.3.RELEASE\spring-boot-test-2.3.3.RELEASE.jar;E:\javaProject\vsCode\Repository\org\springframework\boot\spring-boot-test-autoconfigure\2.3.3.RELEASE\spring-boot-test-autoconfigure-2.3.3.RELEASE.jar;E:\javaProject\vsCode\Repository\com\jayway\jsonpath\json-path\2.4.0\json-path-2.4.0.jar;E:\javaProject\vsCode\Repository\net\minidev\json-smart\2.3\json-smart-2.3.jar;E:\javaProject\vsCode\Repository\net\minidev\accessors-smart\1.2\accessors-smart-1.2.jar;E:\javaProject\vsCode\Repository\org\ow2\asm\asm\5.0.4\asm-5.0.4.jar;E:\javaProject\vsCode\Repository\jakarta\xml\bind\jakarta.xml.bind-api\2.3.3\jakarta.xml.bind-api-2.3.3.jar;E:\javaProject\vsCode\Repository\jakarta\activation\jakarta.activation-api\1.2.2\jakarta.activation-api-1.2.2.jar;E:\javaProject\vsCode\Repository\org\assertj\assertj-core\3.16.1\assertj-core-3.16.1.jar;E:\javaProject\vsCode\Repository\org\hamcrest\hamcrest\2.2\hamcrest-2.2.jar;E:\javaProject\vsCode\Repository\org\junit\jupiter\junit-jupiter\5.6.2\junit-jupiter-5.6.2.jar;E:\javaProject\vsCode\Repository\org\junit\jupiter\junit-jupiter-api\5.6.2\junit-jupiter-api-5.6.2.jar;E:\javaProject\vsCode\Repository\org\opentest4j\opentest4j\1.2.0\opentest4j-1.2.0.jar;E:\javaProject\vsCode\Repository\org\junit\platform\junit-platform-commons\1.6.2\junit-platform-commons-1.6.2.jar;E:\javaProject\vsCode\Repository\org\junit\jupiter\junit-jupiter-params\5.6.2\junit-jupiter-params-5.6.2.jar;E:\javaProject\vsCode\Repository\org\junit\jupiter\junit-jupiter-engine\5.6.2\junit-jupiter-engine-5.6.2.jar;E:\javaProject\vsCode\Repository\org\junit\vintage\junit-vintage-engine\5.6.2\junit-vintage-engine-5.6.2.jar;E:\javaProject\vsCode\Repository\org\apiguardian\apiguardian-api\1.1.0\apiguardian-api-1.1.0.jar;E:\javaProject\vsCode\Repository\org\junit\platform\junit-platform-engine\1.6.2\junit-platform-engine-1.6.2.jar;E:\javaProject\vsCode\Repository\junit\junit\4.13\junit-4.13.jar;E:\javaProject\vsCode\Repository\org\mockito\mockito-core\3.3.3\mockito-core-3.3.3.jar;E:\javaProject\vsCode\Repository\net\bytebuddy\byte-buddy-agent\1.10.14\byte-buddy-agent-1.10.14.jar;E:\javaProject\vsCode\Repository\org\objenesis\objenesis\2.6\objenesis-2.6.jar;E:\javaProject\vsCode\Repository\org\mockito\mockito-junit-jupiter\3.3.3\mockito-junit-jupiter-3.3.3.jar;E:\javaProject\vsCode\Repository\org\skyscreamer\jsonassert\1.5.0\jsonassert-1.5.0.jar;E:\javaProject\vsCode\Repository\com\vaadin\external\google\android-json\0.0.20131108.vaadin1\android-json-0.0.20131108.vaadin1.jar;E:\javaProject\vsCode\Repository\org\springframework\spring-core\5.2.8.RELEASE\spring-core-5.2.8.RELEASE.jar;E:\javaProject\vsCode\Repository\org\springframework\spring-jcl\5.2.8.RELEASE\spring-jcl-5.2.8.RELEASE.jar;E:\javaProject\vsCode\Repository\org\springframework\spring-test\5.2.8.RELEASE\spring-test-5.2.8.RELEASE.jar;E:\javaProject\vsCode\Repository\org\xmlunit\xmlunit-core\2.7.0\xmlunit-core-2.7.0.jar;"/>
    <property name="java.vm.vendor" value="Oracle Corporation"/>
    <property name="sun.arch.data.model" value="64"/>
    <property name="user.variant" value=""/>
    <property name="java.vendor.url" value="http://java.oracle.com/"/>
    <property name="user.timezone" value="Asia/Shanghai"/>
    <property name="java.vm.specification.version" value="1.8"/>
    <property name="os.name" value="Windows 10"/>
    <property name="user.country" value="CN"/>
    <property name="sun.java.launcher" value="SUN_STANDARD"/>
    <property name="sun.boot.library.path" value="C:\Program Files\Java\jdk1.8.0_131\jre\bin"/>
    <property name="sun.java.command" value="C:\Users\LDH-PC\AppData\Local\Temp\surefire2564619675448853345\surefirebooter7480128965430472676.jar C:\Users\LDH-PC\AppData\Local\Temp\surefire2564619675448853345 2020-08-26T14-46-25_840-jvmRun1 surefire8920353508077830549tmp surefire_06087402092856774728tmp"/>
    <property name="surefire.test.class.path" value="E:\javaProject\5Cloud\spring-cloud-orderAll\product\product-server\target\test-classes;E:\javaProject\5Cloud\spring-cloud-orderAll\product\product-server\target\classes;E:\javaProject\vsCode\Repository\org\springframework\boot\spring-boot-starter-data-jpa\2.3.3.RELEASE\spring-boot-starter-data-jpa-2.3.3.RELEASE.jar;E:\javaProject\vsCode\Repository\org\springframework\boot\spring-boot-starter-aop\2.3.3.RELEASE\spring-boot-starter-aop-2.3.3.RELEASE.jar;E:\javaProject\vsCode\Repository\org\springframework\spring-aop\5.2.8.RELEASE\spring-aop-5.2.8.RELEASE.jar;E:\javaProject\vsCode\Repository\org\aspectj\aspectjweaver\1.9.6\aspectjweaver-1.9.6.jar;E:\javaProject\vsCode\Repository\org\springframework\boot\spring-boot-starter-jdbc\2.3.3.RELEASE\spring-boot-starter-jdbc-2.3.3.RELEASE.jar;E:\javaProject\vsCode\Repository\com\zaxxer\HikariCP\3.4.5\HikariCP-3.4.5.jar;E:\javaProject\vsCode\Repository\org\springframework\spring-jdbc\5.2.8.RELEASE\spring-jdbc-5.2.8.RELEASE.jar;E:\javaProject\vsCode\Repository\jakarta\transaction\jakarta.transaction-api\1.3.3\jakarta.transaction-api-1.3.3.jar;E:\javaProject\vsCode\Repository\jakarta\persistence\jakarta.persistence-api\2.2.3\jakarta.persistence-api-2.2.3.jar;E:\javaProject\vsCode\Repository\org\hibernate\hibernate-core\5.4.20.Final\hibernate-core-5.4.20.Final.jar;E:\javaProject\vsCode\Repository\org\jboss\logging\jboss-logging\3.4.1.Final\jboss-logging-3.4.1.Final.jar;E:\javaProject\vsCode\Repository\org\javassist\javassist\3.24.0-GA\javassist-3.24.0-GA.jar;E:\javaProject\vsCode\Repository\net\bytebuddy\byte-buddy\1.10.14\byte-buddy-1.10.14.jar;E:\javaProject\vsCode\Repository\antlr\antlr\2.7.7\antlr-2.7.7.jar;E:\javaProject\vsCode\Repository\org\jboss\jandex\2.1.3.Final\jandex-2.1.3.Final.jar;E:\javaProject\vsCode\Repository\com\fasterxml\classmate\1.5.1\classmate-1.5.1.jar;E:\javaProject\vsCode\Repository\org\dom4j\dom4j\2.1.3\dom4j-2.1.3.jar;E:\javaProject\vsCode\Repository\org\hibernate\common\hibernate-commons-annotations\5.1.0.Final\hibernate-commons-annotations-5.1.0.Final.jar;E:\javaProject\vsCode\Repository\org\glassfish\jaxb\jaxb-runtime\2.3.3\jaxb-runtime-2.3.3.jar;E:\javaProject\vsCode\Repository\org\glassfish\jaxb\txw2\2.3.3\txw2-2.3.3.jar;E:\javaProject\vsCode\Repository\com\sun\istack\istack-commons-runtime\3.0.11\istack-commons-runtime-3.0.11.jar;E:\javaProject\vsCode\Repository\com\sun\activation\jakarta.activation\1.2.2\jakarta.activation-1.2.2.jar;E:\javaProject\vsCode\Repository\org\springframework\data\spring-data-jpa\2.3.3.RELEASE\spring-data-jpa-2.3.3.RELEASE.jar;E:\javaProject\vsCode\Repository\org\springframework\data\spring-data-commons\2.3.3.RELEASE\spring-data-commons-2.3.3.RELEASE.jar;E:\javaProject\vsCode\Repository\org\springframework\spring-orm\5.2.8.RELEASE\spring-orm-5.2.8.RELEASE.jar;E:\javaProject\vsCode\Repository\org\springframework\spring-context\5.2.8.RELEASE\spring-context-5.2.8.RELEASE.jar;E:\javaProject\vsCode\Repository\org\springframework\spring-tx\5.2.8.RELEASE\spring-tx-5.2.8.RELEASE.jar;E:\javaProject\vsCode\Repository\org\springframework\spring-beans\5.2.8.RELEASE\spring-beans-5.2.8.RELEASE.jar;E:\javaProject\vsCode\Repository\org\slf4j\slf4j-api\1.7.30\slf4j-api-1.7.30.jar;E:\javaProject\vsCode\Repository\org\springframework\spring-aspects\5.2.8.RELEASE\spring-aspects-5.2.8.RELEASE.jar;E:\javaProject\vsCode\Repository\org\springframework\cloud\spring-cloud-starter-netflix-eureka-client\2.2.4.RELEASE\spring-cloud-starter-netflix-eureka-client-2.2.4.RELEASE.jar;E:\javaProject\vsCode\Repository\org\springframework\cloud\spring-cloud-starter\2.2.4.RELEASE\spring-cloud-starter-2.2.4.RELEASE.jar;E:\javaProject\vsCode\Repository\org\springframework\cloud\spring-cloud-context\2.2.4.RELEASE\spring-cloud-context-2.2.4.RELEASE.jar;E:\javaProject\vsCode\Repository\org\springframework\security\spring-security-crypto\5.3.4.RELEASE\spring-security-crypto-5.3.4.RELEASE.jar;E:\javaProject\vsCode\Repository\org\springframework\cloud\spring-cloud-commons\2.2.4.RELEASE\spring-cloud-commons-2.2.4.RELEASE.jar;E:\javaProject\vsCode\Repository\org\springframework\security\spring-security-rsa\1.0.9.RELEASE\spring-security-rsa-1.0.9.RELEASE.jar;E:\javaProject\vsCode\Repository\org\bouncycastle\bcpkix-jdk15on\1.64\bcpkix-jdk15on-1.64.jar;E:\javaProject\vsCode\Repository\org\bouncycastle\bcprov-jdk15on\1.64\bcprov-jdk15on-1.64.jar;E:\javaProject\vsCode\Repository\org\springframework\cloud\spring-cloud-netflix-hystrix\2.2.4.RELEASE\spring-cloud-netflix-hystrix-2.2.4.RELEASE.jar;E:\javaProject\vsCode\Repository\org\springframework\cloud\spring-cloud-netflix-eureka-client\2.2.4.RELEASE\spring-cloud-netflix-eureka-client-2.2.4.RELEASE.jar;E:\javaProject\vsCode\Repository\com\netflix\eureka\eureka-client\1.9.25\eureka-client-1.9.25.jar;E:\javaProject\vsCode\Repository\org\codehaus\jettison\jettison\1.3.7\jettison-1.3.7.jar;E:\javaProject\vsCode\Repository\stax\stax-api\1.0.1\stax-api-1.0.1.jar;E:\javaProject\vsCode\Repository\com\netflix\netflix-commons\netflix-eventbus\0.3.0\netflix-eventbus-0.3.0.jar;E:\javaProject\vsCode\Repository\com\netflix\netflix-commons\netflix-infix\0.3.0\netflix-infix-0.3.0.jar;E:\javaProject\vsCode\Repository\commons-jxpath\commons-jxpath\1.3\commons-jxpath-1.3.jar;E:\javaProject\vsCode\Repository\joda-time\joda-time\2.3\joda-time-2.3.jar;E:\javaProject\vsCode\Repository\org\antlr\antlr-runtime\3.4\antlr-runtime-3.4.jar;E:\javaProject\vsCode\Repository\org\antlr\stringtemplate\3.2.1\stringtemplate-3.2.1.jar;E:\javaProject\vsCode\Repository\com\google\code\gson\gson\2.8.6\gson-2.8.6.jar;E:\javaProject\vsCode\Repository\org\apache\commons\commons-math\2.2\commons-math-2.2.jar;E:\javaProject\vsCode\Repository\com\netflix\archaius\archaius-core\0.7.6\archaius-core-0.7.6.jar;E:\javaProject\vsCode\Repository\com\google\guava\guava\29.0-jre\guava-29.0-jre.jar;E:\javaProject\vsCode\Repository\com\google\guava\failureaccess\1.0.1\failureaccess-1.0.1.jar;E:\javaProject\vsCode\Repository\com\google\guava\listenablefuture\9999.0-empty-to-avoid-conflict-with-guava\listenablefuture-9999.0-empty-to-avoid-conflict-with-guava.jar;E:\javaProject\vsCode\Repository\org\checkerframework\checker-qual\2.11.1\checker-qual-2.11.1.jar;E:\javaProject\vsCode\Repository\com\google\errorprone\error_prone_annotations\2.3.4\error_prone_annotations-2.3.4.jar;E:\javaProject\vsCode\Repository\com\google\j2objc\j2objc-annotations\1.3\j2objc-annotations-1.3.jar;E:\javaProject\vsCode\Repository\javax\ws\rs\jsr311-api\1.1.1\jsr311-api-1.1.1.jar;E:\javaProject\vsCode\Repository\com\netflix\servo\servo-core\0.12.21\servo-core-0.12.21.jar;E:\javaProject\vsCode\Repository\com\sun\jersey\jersey-core\1.19.1\jersey-core-1.19.1.jar;E:\javaProject\vsCode\Repository\com\sun\jersey\jersey-client\1.19.1\jersey-client-1.19.1.jar;E:\javaProject\vsCode\Repository\com\sun\jersey\contribs\jersey-apache-client4\1.19.1\jersey-apache-client4-1.19.1.jar;E:\javaProject\vsCode\Repository\org\apache\httpcomponents\httpclient\4.5.12\httpclient-4.5.12.jar;E:\javaProject\vsCode\Repository\org\apache\httpcomponents\httpcore\4.4.13\httpcore-4.4.13.jar;E:\javaProject\vsCode\Repository\commons-codec\commons-codec\1.14\commons-codec-1.14.jar;E:\javaProject\vsCode\Repository\commons-configuration\commons-configuration\1.10\commons-configuration-1.10.jar;E:\javaProject\vsCode\Repository\commons-lang\commons-lang\2.6\commons-lang-2.6.jar;E:\javaProject\vsCode\Repository\com\google\inject\guice\4.1.0\guice-4.1.0.jar;E:\javaProject\vsCode\Repository\javax\inject\javax.inject\1\javax.inject-1.jar;E:\javaProject\vsCode\Repository\aopalliance\aopalliance\1.0\aopalliance-1.0.jar;E:\javaProject\vsCode\Repository\com\fasterxml\jackson\core\jackson-annotations\2.11.2\jackson-annotations-2.11.2.jar;E:\javaProject\vsCode\Repository\com\fasterxml\jackson\core\jackson-core\2.11.2\jackson-core-2.11.2.jar;E:\javaProject\vsCode\Repository\com\fasterxml\jackson\core\jackson-databind\2.11.2\jackson-databind-2.11.2.jar;E:\javaProject\vsCode\Repository\com\netflix\eureka\eureka-core\1.9.25\eureka-core-1.9.25.jar;E:\javaProject\vsCode\Repository\com\fasterxml\woodstox\woodstox-core\5.3.0\woodstox-core-5.3.0.jar;E:\javaProject\vsCode\Repository\org\codehaus\woodstox\stax2-api\4.2\stax2-api-4.2.jar;E:\javaProject\vsCode\Repository\org\springframework\cloud\spring-cloud-starter-netflix-archaius\2.2.4.RELEASE\spring-cloud-starter-netflix-archaius-2.2.4.RELEASE.jar;E:\javaProject\vsCode\Repository\org\springframework\cloud\spring-cloud-netflix-ribbon\2.2.4.RELEASE\spring-cloud-netflix-ribbon-2.2.4.RELEASE.jar;E:\javaProject\vsCode\Repository\org\springframework\cloud\spring-cloud-netflix-archaius\2.2.4.RELEASE\spring-cloud-netflix-archaius-2.2.4.RELEASE.jar;E:\javaProject\vsCode\Repository\org\springframework\cloud\spring-cloud-starter-netflix-ribbon\2.2.4.RELEASE\spring-cloud-starter-netflix-ribbon-2.2.4.RELEASE.jar;E:\javaProject\vsCode\Repository\com\netflix\ribbon\ribbon\2.3.0\ribbon-2.3.0.jar;E:\javaProject\vsCode\Repository\com\netflix\ribbon\ribbon-transport\2.3.0\ribbon-transport-2.3.0.jar;E:\javaProject\vsCode\Repository\io\reactivex\rxnetty-contexts\0.4.9\rxnetty-contexts-0.4.9.jar;E:\javaProject\vsCode\Repository\io\reactivex\rxnetty-servo\0.4.9\rxnetty-servo-0.4.9.jar;E:\javaProject\vsCode\Repository\com\netflix\hystrix\hystrix-core\1.5.18\hystrix-core-1.5.18.jar;E:\javaProject\vsCode\Repository\org\hdrhistogram\HdrHistogram\2.1.9\HdrHistogram-2.1.9.jar;E:\javaProject\vsCode\Repository\io\reactivex\rxnetty\0.4.9\rxnetty-0.4.9.jar;E:\javaProject\vsCode\Repository\com\netflix\ribbon\ribbon-core\2.3.0\ribbon-core-2.3.0.jar;E:\javaProject\vsCode\Repository\com\netflix\ribbon\ribbon-httpclient\2.3.0\ribbon-httpclient-2.3.0.jar;E:\javaProject\vsCode\Repository\commons-collections\commons-collections\3.2.2\commons-collections-3.2.2.jar;E:\javaProject\vsCode\Repository\com\netflix\netflix-commons\netflix-commons-util\0.3.0\netflix-commons-util-0.3.0.jar;E:\javaProject\vsCode\Repository\com\netflix\ribbon\ribbon-loadbalancer\2.3.0\ribbon-loadbalancer-2.3.0.jar;E:\javaProject\vsCode\Repository\com\netflix\netflix-commons\netflix-statistics\0.1.1\netflix-statistics-0.1.1.jar;E:\javaProject\vsCode\Repository\io\reactivex\rxjava\1.3.8\rxjava-1.3.8.jar;E:\javaProject\vsCode\Repository\org\springframework\cloud\spring-cloud-starter-loadbalancer\2.2.4.RELEASE\spring-cloud-starter-loadbalancer-2.2.4.RELEASE.jar;E:\javaProject\vsCode\Repository\org\springframework\cloud\spring-cloud-loadbalancer\2.2.4.RELEASE\spring-cloud-loadbalancer-2.2.4.RELEASE.jar;E:\javaProject\vsCode\Repository\org\springframework\boot\spring-boot-starter-validation\2.3.3.RELEASE\spring-boot-starter-validation-2.3.3.RELEASE.jar;E:\javaProject\vsCode\Repository\org\hibernate\validator\hibernate-validator\6.1.5.Final\hibernate-validator-6.1.5.Final.jar;E:\javaProject\vsCode\Repository\jakarta\validation\jakarta.validation-api\2.0.2\jakarta.validation-api-2.0.2.jar;E:\javaProject\vsCode\Repository\io\projectreactor\reactor-core\3.3.9.RELEASE\reactor-core-3.3.9.RELEASE.jar;E:\javaProject\vsCode\Repository\org\reactivestreams\reactive-streams\1.0.3\reactive-streams-1.0.3.jar;E:\javaProject\vsCode\Repository\io\projectreactor\addons\reactor-extra\3.3.3.RELEASE\reactor-extra-3.3.3.RELEASE.jar;E:\javaProject\vsCode\Repository\org\springframework\boot\spring-boot-starter-cache\2.3.3.RELEASE\spring-boot-starter-cache-2.3.3.RELEASE.jar;E:\javaProject\vsCode\Repository\org\springframework\spring-context-support\5.2.8.RELEASE\spring-context-support-5.2.8.RELEASE.jar;E:\javaProject\vsCode\Repository\com\stoyanr\evictor\1.0.0\evictor-1.0.0.jar;E:\javaProject\vsCode\Repository\com\netflix\ribbon\ribbon-eureka\2.3.0\ribbon-eureka-2.3.0.jar;E:\javaProject\vsCode\Repository\com\thoughtworks\xstream\xstream\1.4.11.1\xstream-1.4.11.1.jar;E:\javaProject\vsCode\Repository\xmlpull\xmlpull\1.1.3.1\xmlpull-1.1.3.1.jar;E:\javaProject\vsCode\Repository\xpp3\xpp3_min\1.1.4c\xpp3_min-1.1.4c.jar;E:\javaProject\vsCode\Repository\org\springframework\boot\spring-boot-devtools\2.3.3.RELEASE\spring-boot-devtools-2.3.3.RELEASE.jar;E:\javaProject\vsCode\Repository\org\springframework\boot\spring-boot\2.3.3.RELEASE\spring-boot-2.3.3.RELEASE.jar;E:\javaProject\vsCode\Repository\org\springframework\boot\spring-boot-autoconfigure\2.3.3.RELEASE\spring-boot-autoconfigure-2.3.3.RELEASE.jar;E:\javaProject\vsCode\Repository\mysql\mysql-connector-java\8.0.21\mysql-connector-java-8.0.21.jar;E:\javaProject\vsCode\Repository\org\projectlombok\lombok\1.18.12\lombok-1.18.12.jar;E:\javaProject\vsCode\Repository\org\springframework\boot\spring-boot-starter-web\2.3.3.RELEASE\spring-boot-starter-web-2.3.3.RELEASE.jar;E:\javaProject\vsCode\Repository\org\springframework\boot\spring-boot-starter\2.3.3.RELEASE\spring-boot-starter-2.3.3.RELEASE.jar;E:\javaProject\vsCode\Repository\org\springframework\boot\spring-boot-starter-logging\2.3.3.RELEASE\spring-boot-starter-logging-2.3.3.RELEASE.jar;E:\javaProject\vsCode\Repository\ch\qos\logback\logback-classic\1.2.3\logback-classic-1.2.3.jar;E:\javaProject\vsCode\Repository\ch\qos\logback\logback-core\1.2.3\logback-core-1.2.3.jar;E:\javaProject\vsCode\Repository\org\apache\logging\log4j\log4j-to-slf4j\2.13.3\log4j-to-slf4j-2.13.3.jar;E:\javaProject\vsCode\Repository\org\apache\logging\log4j\log4j-api\2.13.3\log4j-api-2.13.3.jar;E:\javaProject\vsCode\Repository\org\slf4j\jul-to-slf4j\1.7.30\jul-to-slf4j-1.7.30.jar;E:\javaProject\vsCode\Repository\jakarta\annotation\jakarta.annotation-api\1.3.5\jakarta.annotation-api-1.3.5.jar;E:\javaProject\vsCode\Repository\org\yaml\snakeyaml\1.26\snakeyaml-1.26.jar;E:\javaProject\vsCode\Repository\org\springframework\boot\spring-boot-starter-json\2.3.3.RELEASE\spring-boot-starter-json-2.3.3.RELEASE.jar;E:\javaProject\vsCode\Repository\com\fasterxml\jackson\datatype\jackson-datatype-jdk8\2.11.2\jackson-datatype-jdk8-2.11.2.jar;E:\javaProject\vsCode\Repository\com\fasterxml\jackson\datatype\jackson-datatype-jsr310\2.11.2\jackson-datatype-jsr310-2.11.2.jar;E:\javaProject\vsCode\Repository\com\fasterxml\jackson\module\jackson-module-parameter-names\2.11.2\jackson-module-parameter-names-2.11.2.jar;E:\javaProject\vsCode\Repository\org\springframework\boot\spring-boot-starter-tomcat\2.3.3.RELEASE\spring-boot-starter-tomcat-2.3.3.RELEASE.jar;E:\javaProject\vsCode\Repository\org\apache\tomcat\embed\tomcat-embed-core\9.0.37\tomcat-embed-core-9.0.37.jar;E:\javaProject\vsCode\Repository\org\glassfish\jakarta.el\3.0.3\jakarta.el-3.0.3.jar;E:\javaProject\vsCode\Repository\org\apache\tomcat\embed\tomcat-embed-websocket\9.0.37\tomcat-embed-websocket-9.0.37.jar;E:\javaProject\vsCode\Repository\org\springframework\spring-web\5.2.8.RELEASE\spring-web-5.2.8.RELEASE.jar;E:\javaProject\vsCode\Repository\org\springframework\spring-webmvc\5.2.8.RELEASE\spring-webmvc-5.2.8.RELEASE.jar;E:\javaProject\vsCode\Repository\org\springframework\spring-expression\5.2.8.RELEASE\spring-expression-5.2.8.RELEASE.jar;E:\javaProject\5Cloud\spring-cloud-orderAll\product\product-common\target\product-common-0.0.1-SNAPSHOT.jar;E:\javaProject\vsCode\Repository\org\springframework\boot\spring-boot-starter-test\2.3.3.RELEASE\spring-boot-starter-test-2.3.3.RELEASE.jar;E:\javaProject\vsCode\Repository\org\springframework\boot\spring-boot-test\2.3.3.RELEASE\spring-boot-test-2.3.3.RELEASE.jar;E:\javaProject\vsCode\Repository\org\springframework\boot\spring-boot-test-autoconfigure\2.3.3.RELEASE\spring-boot-test-autoconfigure-2.3.3.RELEASE.jar;E:\javaProject\vsCode\Repository\com\jayway\jsonpath\json-path\2.4.0\json-path-2.4.0.jar;E:\javaProject\vsCode\Repository\net\minidev\json-smart\2.3\json-smart-2.3.jar;E:\javaProject\vsCode\Repository\net\minidev\accessors-smart\1.2\accessors-smart-1.2.jar;E:\javaProject\vsCode\Repository\org\ow2\asm\asm\5.0.4\asm-5.0.4.jar;E:\javaProject\vsCode\Repository\jakarta\xml\bind\jakarta.xml.bind-api\2.3.3\jakarta.xml.bind-api-2.3.3.jar;E:\javaProject\vsCode\Repository\jakarta\activation\jakarta.activation-api\1.2.2\jakarta.activation-api-1.2.2.jar;E:\javaProject\vsCode\Repository\org\assertj\assertj-core\3.16.1\assertj-core-3.16.1.jar;E:\javaProject\vsCode\Repository\org\hamcrest\hamcrest\2.2\hamcrest-2.2.jar;E:\javaProject\vsCode\Repository\org\junit\jupiter\junit-jupiter\5.6.2\junit-jupiter-5.6.2.jar;E:\javaProject\vsCode\Repository\org\junit\jupiter\junit-jupiter-api\5.6.2\junit-jupiter-api-5.6.2.jar;E:\javaProject\vsCode\Repository\org\opentest4j\opentest4j\1.2.0\opentest4j-1.2.0.jar;E:\javaProject\vsCode\Repository\org\junit\platform\junit-platform-commons\1.6.2\junit-platform-commons-1.6.2.jar;E:\javaProject\vsCode\Repository\org\junit\jupiter\junit-jupiter-params\5.6.2\junit-jupiter-params-5.6.2.jar;E:\javaProject\vsCode\Repository\org\junit\jupiter\junit-jupiter-engine\5.6.2\junit-jupiter-engine-5.6.2.jar;E:\javaProject\vsCode\Repository\org\junit\vintage\junit-vintage-engine\5.6.2\junit-vintage-engine-5.6.2.jar;E:\javaProject\vsCode\Repository\org\apiguardian\apiguardian-api\1.1.0\apiguardian-api-1.1.0.jar;E:\javaProject\vsCode\Repository\org\junit\platform\junit-platform-engine\1.6.2\junit-platform-engine-1.6.2.jar;E:\javaProject\vsCode\Repository\junit\junit\4.13\junit-4.13.jar;E:\javaProject\vsCode\Repository\org\mockito\mockito-core\3.3.3\mockito-core-3.3.3.jar;E:\javaProject\vsCode\Repository\net\bytebuddy\byte-buddy-agent\1.10.14\byte-buddy-agent-1.10.14.jar;E:\javaProject\vsCode\Repository\org\objenesis\objenesis\2.6\objenesis-2.6.jar;E:\javaProject\vsCode\Repository\org\mockito\mockito-junit-jupiter\3.3.3\mockito-junit-jupiter-3.3.3.jar;E:\javaProject\vsCode\Repository\org\skyscreamer\jsonassert\1.5.0\jsonassert-1.5.0.jar;E:\javaProject\vsCode\Repository\com\vaadin\external\google\android-json\0.0.20131108.vaadin1\android-json-0.0.20131108.vaadin1.jar;E:\javaProject\vsCode\Repository\org\springframework\spring-core\5.2.8.RELEASE\spring-core-5.2.8.RELEASE.jar;E:\javaProject\vsCode\Repository\org\springframework\spring-jcl\5.2.8.RELEASE\spring-jcl-5.2.8.RELEASE.jar;E:\javaProject\vsCode\Repository\org\springframework\spring-test\5.2.8.RELEASE\spring-test-5.2.8.RELEASE.jar;E:\javaProject\vsCode\Repository\org\xmlunit\xmlunit-core\2.7.0\xmlunit-core-2.7.0.jar;"/>
    <property name="sun.cpu.endian" value="little"/>
    <property name="user.home" value="C:\Users\LDH-PC"/>
    <property name="user.language" value="zh"/>
    <property name="java.specification.vendor" value="Oracle Corporation"/>
    <property name="java.home" value="C:\Program Files\Java\jdk1.8.0_131\jre"/>
    <property name="basedir" value="E:\javaProject\5Cloud\spring-cloud-orderAll\product\product-server"/>
    <property name="file.separator" value="\"/>
    <property name="line.separator" value="&#10;"/>
    <property name="java.vm.specification.vendor" value="Oracle Corporation"/>
    <property name="java.specification.name" value="Java Platform API Specification"/>
    <property name="java.awt.graphicsenv" value="sun.awt.Win32GraphicsEnvironment"/>
    <property name="surefire.real.class.path" value="C:\Users\LDH-PC\AppData\Local\Temp\surefire2564619675448853345\surefirebooter7480128965430472676.jar"/>
    <property name="sun.boot.class.path" value="C:\Program Files\Java\jdk1.8.0_131\jre\lib\resources.jar;C:\Program Files\Java\jdk1.8.0_131\jre\lib\rt.jar;C:\Program Files\Java\jdk1.8.0_131\jre\lib\sunrsasign.jar;C:\Program Files\Java\jdk1.8.0_131\jre\lib\jsse.jar;C:\Program Files\Java\jdk1.8.0_131\jre\lib\jce.jar;C:\Program Files\Java\jdk1.8.0_131\jre\lib\charsets.jar;C:\Program Files\Java\jdk1.8.0_131\jre\lib\jfr.jar;C:\Program Files\Java\jdk1.8.0_131\jre\classes"/>
    <property name="user.script" value=""/>
    <property name="sun.management.compiler" value="HotSpot 64-Bit Tiered Compilers"/>
    <property name="java.runtime.version" value="1.8.0_131-b11"/>
    <property name="user.name" value="LDH-PC"/>
    <property name="path.separator" value=";"/>
    <property name="os.version" value="10.0"/>
    <property name="java.endorsed.dirs" value="C:\Program Files\Java\jdk1.8.0_131\jre\lib\endorsed"/>
    <property name="java.runtime.name" value="Java(TM) SE Runtime Environment"/>
    <property name="file.encoding" value="GBK"/>
    <property name="java.vm.name" value="Java HotSpot(TM) 64-Bit Server VM"/>
    <property name="idea.version2020.1" value="true"/>
    <property name="localRepository" value="E:\javaProject\vsCode\Repository"/>
    <property name="java.vendor.url.bug" value="http://bugreport.sun.com/bugreport/"/>
    <property name="java.io.tmpdir" value="C:\Users\LDH-PC\AppData\Local\Temp\"/>
    <property name="java.version" value="1.8.0_131"/>
    <property name="user.dir" value="E:\javaProject\5Cloud\spring-cloud-orderAll\product\product-server"/>
    <property name="os.arch" value="amd64"/>
    <property name="java.vm.specification.name" value="Java Virtual Machine Specification"/>
    <property name="java.awt.printerjob" value="sun.awt.windows.WPrinterJob"/>
    <property name="sun.os.patch.level" value=""/>
    <property name="java.library.path" value="C:\Program Files\Java\jdk1.8.0_131\jre\bin;C:\Windows\Sun\Java\bin;C:\Windows\system32;C:\Windows;e:\app\LDH-PC\product\11.2.0\client_1\bin;C:\Program Files\Java\jdk1.8.0_131\bin;C:\ProgramData\Oracle\Java\javapath;D:\app\LDH-PC\product\11.1.0\db_1\bin;C:\Windows\system32;C:\Windows;C:\Windows\System32\Wbem;C:\Windows\System32\WindowsPowerShell\v1.0\;C:\Program Files (x86)\Microsoft SQL Server\90\Tools\binn\;C:\Users\LDH-PC\.dnx\bin;C:\Program Files\Microsoft DNX\Dnvm\;C:\Program Files\Microsoft SQL Server\130\Tools\Binn\;C:\Program Files\Git\cmd;;C:\Users\LDH-PC\AppData\Local\Programs\Microsoft VS Code\bin;."/>
    <property name="java.vm.info" value="mixed mode"/>
    <property name="java.vendor" value="Oracle Corporation"/>
    <property name="java.vm.version" value="25.131-b11"/>
    <property name="java.ext.dirs" value="C:\Program Files\Java\jdk1.8.0_131\jre\lib\ext;C:\Windows\Sun\Java\lib\ext"/>
    <property name="sun.io.unicode.encoding" value="UnicodeLittle"/>
    <property name="java.class.version" value="52.0"/>
  </properties>
  <testcase name="findList" classname="com.ldh.product.service.impl.PorductInfoServiceServiceimplTest" time="0.277"/>
  <testcase name="decreaseStock" classname="com.ldh.product.service.impl.PorductInfoServiceServiceimplTest" time="0.233"/>
  <testcase name="aa" classname="com.ldh.product.service.impl.PorductInfoServiceServiceimplTest" time="0"/>
</testsuite>